2026-07-21 11:44:32,711 - INFO - Entering employee details
2026-07-21 11:44:48,366 - INFO - Employee details entered successfully
2026-07-21 11:57:56,805 - ERROR - Invalid menu choice
2026-07-21 11:58:08,837 - INFO - Entering employee details
2026-07-21 11:58:25,330 - INFO - Employee details entered successfully
2026-07-21 11:58:28,120 - INFO - Entering employee details
2026-07-21 11:58:42,964 - INFO - Employee details entered successfully
2026-07-21 11:58:47,771 - WARNING - Salary slip requested before payroll calculation
2026-07-21 11:59:01,760 - INFO - Calculating Payroll
2026-07-21 11:59:01,769 - DEBUG - Calculating HRA
2026-07-21 11:59:01,769 - DEBUG - Calculating DA
2026-07-21 11:59:01,769 - DEBUG - Calculating Overtime
2026-07-21 11:59:01,769 - DEBUG - Calculating PF
2026-07-21 11:59:01,769 - DEBUG - Calculating Professional Tax
2026-07-21 11:59:01,769 - DEBUG - Calculating Leave Deduction
2026-07-21 11:59:01,769 - INFO - Payroll calculated successfully
2026-07-21 11:59:05,046 - INFO - Displaying Salary Slip
2026-07-21 13:04:35,384 - ERROR - Invalid menu choice
2026-07-21 13:04:50,003 - ERROR - Invalid menu choice
2026-07-21 13:05:03,031 - ERROR - Invalid menu choice
2026-07-21 13:05:07,827 - CRITICAL - Program terminated
